# JRE version: OpenJDK Runtime Environment Microsoft-40648 (11.0.16.1+1) (build 11.0.16.1+1-LTS)
# Java VM: OpenJDK 64-Bit Server VM Microsoft-40648 (11.0.16.1+1-LTS, mixed mode, tiered, compressed oops, g1 gc, windows-amd64)
Heap:
 garbage-first heap   total 385024K, used 134144K [0x00000000c0000000, 0x0000000100000000)
  region size 1024K, 23 young (23552K), 8 survivors (8192K)
 Metaspace       used 16933K, capacity 17201K, committed 17280K, reserved 1064960K
  class space    used 1725K, capacity 1866K, committed 1920K, reserved 1048576K
GC Heap History (20 events):
Event: 3.638 GC heap before
{Heap before GC invocations=5 (full 0):
 garbage-first heap   total 163840K, used 53805K [0x00000000c0000000, 0x0000000100000000)
  region size 1024K, 38 young (38912K), 4 survivors (4096K)
 Metaspace       used 11694K, capacity 11867K, committed 11904K, reserved 1060864K
  class space    used 1103K, capacity 1146K, committed 1152K, reserved 1048576K
}
Event: 3.643 GC heap after
{Heap after GC invocations=6 (full 0):
 garbage-first heap   total 163840K, used 26602K [0x00000000c0000000, 0x0000000100000000)
  region size 1024K, 5 young (5120K), 5 survivors (5120K)
 Metaspace       used 11694K, capacity 11867K, committed 11904K, reserved 1060864K
  class space    used 1103K, capacity 1146K, committed 1152K, reserved 1048576K
}
Event: 4.160 GC heap before
{Heap before GC invocations=6 (full 0):
 garbage-first heap   total 163840K, used 73706K [0x00000000c0000000, 0x0000000100000000)
  region size 1024K, 51 young (52224K), 5 survivors (5120K)
 Metaspace       used 13518K, capacity 13735K, committed 13952K, reserved 1062912K
  class space    used 1299K, capacity 1392K, committed 1408K, reserved 1048576K
}
Event: 4.181 GC heap after
{Heap after GC invocations=7 (full 0):
 garbage-first heap   total 163840K, used 39574K [0x00000000c0000000, 0x0000000100000000)
  region size 1024K, 7 young (7168K), 7 survivors (7168K)
 Metaspace       used 13518K, capacity 13735K, committed 13952K, reserved 1062912K
  class space    used 1299K, capacity 1392K, committed 1408K, reserved 1048576K
}
Event: 4.333 GC heap before
{Heap before GC invocations=7 (full 0):
 garbage-first heap   total 163840K, used 70294K [0x00000000c0000000, 0x0000000100000000)
  region size 1024K, 37 young (37888K), 7 survivors (7168K)
 Metaspace       used 13545K, capacity 13739K, committed 13952K, reserved 1062912K
  class space    used 1299K, capacity 1392K, committed 1408K, reserved 1048576K
}
Event: 4.357 GC heap after
{Heap after GC invocations=8 (full 0):
 garbage-first heap   total 163840K, used 47616K [0x00000000c0000000, 0x0000000100000000)
  region size 1024K, 5 young (5120K), 5 survivors (5120K)
 Metaspace       used 13545K, capacity 13739K, committed 13952K, reserved 1062912K
  class space    used 1299K, capacity 1392K, committed 1408K, reserved 1048576K
}
Event: 4.555 GC heap before
{Heap before GC invocations=8 (full 0):
 garbage-first heap   total 163840K, used 85504K [0x00000000c0000000, 0x0000000100000000)
  region size 1024K, 42 young (43008K), 5 survivors (5120K)
 Metaspace       used 13578K, capacity 13806K, committed 13952K, reserved 1062912K
  class space    used 1300K, capacity 1392K, committed 1408K, reserved 1048576K
}
Event: 4.580 GC heap after
{Heap after GC invocations=9 (full 0):
 garbage-first heap   total 163840K, used 57344K [0x00000000c0000000, 0x0000000100000000)
  region size 1024K, 6 young (6144K), 6 survivors (6144K)
 Metaspace       used 13578K, capacity 13806K, committed 13952K, reserved 1062912K
  class space    used 1300K, capacity 1392K, committed 1408K, reserved 1048576K
}
Event: 5.230 GC heap before
{Heap before GC invocations=9 (full 0):
 garbage-first heap   total 163840K, used 99328K [0x00000000c0000000, 0x0000000100000000)
  region size 1024K, 47 young (48128K), 6 survivors (6144K)
 Metaspace       used 15133K, capacity 15404K, committed 15488K, reserved 1062912K
  class space    used 1511K, capacity 1626K, committed 1664K, reserved 1048576K
}
Event: 5.257 GC heap after
{Heap after GC invocations=10 (full 0):
 garbage-first heap   total 163840K, used 65536K [0x00000000c0000000, 0x0000000100000000)
  region size 1024K, 6 young (6144K), 6 survivors (6144K)
 Metaspace       used 15133K, capacity 15404K, committed 15488K, reserved 1062912K
  class space    used 1511K, capacity 1626K, committed 1664K, reserved 1048576K
}
Event: 5.447 GC heap before
{Heap before GC invocations=10 (full 0):
 garbage-first heap   total 163840K, used 109568K [0x00000000c0000000, 0x0000000100000000)
  region size 1024K, 49 young (50176K), 6 survivors (6144K)
 Metaspace       used 15150K, capacity 15405K, committed 15488K, reserved 1062912K
  class space    used 1511K, capacity 1626K, committed 1664K, reserved 1048576K
}
Event: 5.473 GC heap after
{Heap after GC invocations=11 (full 0):
 garbage-first heap   total 219136K, used 74752K [0x00000000c0000000, 0x0000000100000000)
  region size 1024K, 7 young (7168K), 7 survivors (7168K)
 Metaspace       used 15150K, capacity 15405K, committed 15488K, reserved 1062912K
  class space    used 1511K, capacity 1626K, committed 1664K, reserved 1048576K
}
Event: 5.862 GC heap before
{Heap before GC invocations=11 (full 0):
 garbage-first heap   total 219136K, used 132096K [0x00000000c0000000, 0x0000000100000000)
  region size 1024K, 63 young (64512K), 7 survivors (7168K)
 Metaspace       used 15153K, capacity 15469K, committed 15744K, reserved 1062912K
  class space    used 1511K, capacity 1626K, committed 1664K, reserved 1048576K
}
Event: 5.982 GC heap after
{Heap after GC invocations=12 (full 0):
 garbage-first heap   total 219136K, used 86016K [0x00000000c0000000, 0x0000000100000000)
  region size 1024K, 8 young (8192K), 8 survivors (8192K)
 Metaspace       used 15153K, capacity 15469K, committed 15744K, reserved 1062912K
  class space    used 1511K, capacity 1626K, committed 1664K, reserved 1048576K
}
Event: 6.763 GC heap before
{Heap before GC invocations=12 (full 0):
 garbage-first heap   total 219136K, used 145408K [0x00000000c0000000, 0x0000000100000000)
  region size 1024K, 66 young (67584K), 8 survivors (8192K)
 Metaspace       used 16922K, capacity 17201K, committed 17280K, reserved 1064960K
  class space    used 1724K, capacity 1866K, committed 1920K, reserved 1048576K
}
Event: 6.794 GC heap after
{Heap after GC invocations=13 (full 0):
 garbage-first heap   total 219136K, used 97280K [0x00000000c0000000, 0x0000000100000000)
  region size 1024K, 9 young (9216K), 9 survivors (9216K)
 Metaspace       used 16922K, capacity 17201K, committed 17280K, reserved 1064960K
  class space    used 1724K, capacity 1866K, committed 1920K, reserved 1048576K
}
Event: 7.870 GC heap before
{Heap before GC invocations=13 (full 0):
 garbage-first heap   total 219136K, used 154624K [0x00000000c0000000, 0x0000000100000000)
  region size 1024K, 65 young (66560K), 9 survivors (9216K)
 Metaspace       used 16932K, capacity 17201K, committed 17280K, reserved 1064960K
  class space    used 1725K, capacity 1866K, committed 1920K, reserved 1048576K
}
Event: 7.893 GC heap after
{Heap after GC invocations=14 (full 0):
 garbage-first heap   total 219136K, used 108457K [0x00000000c0000000, 0x0000000100000000)
  region size 1024K, 9 young (9216K), 9 survivors (9216K)
 Metaspace       used 16932K, capacity 17201K, committed 17280K, reserved 1064960K
  class space    used 1725K, capacity 1866K, committed 1920K, reserved 1048576K
}
Event: 8.141 GC heap before
{Heap before GC invocations=14 (full 0):
 garbage-first heap   total 219136K, used 162729K [0x00000000c0000000, 0x0000000100000000)
  region size 1024K, 62 young (63488K), 9 survivors (9216K)
 Metaspace       used 16933K, capacity 17201K, committed 17280K, reserved 1064960K
  class space    used 1725K, capacity 1866K, committed 1920K, reserved 1048576K
}
Event: 8.167 GC heap after
{Heap after GC invocations=15 (full 0):
 garbage-first heap   total 385024K, used 118784K [0x00000000c0000000, 0x0000000100000000)
  region size 1024K, 8 young (8192K), 8 survivors (8192K)
 Metaspace       used 16933K, capacity 17201K, committed 17280K, reserved 1064960K
  class space    used 1725K, capacity 1866K, committed 1920K, reserved 1048576K
}

